0:0:0:0:0:0:0:1 - - [07/Mar/2017:15:24:01 +0800] "GET /login HTTP/1.1" 500 437
0:0:0:0:0:0:0:1 - - [07/Mar/2017:15:26:17 +0800] "GET /login HTTP/1.1" 500 371
0:0:0:0:0:0:0:1 - - [07/Mar/2017:15:27:41 +0800] "GET /login HTTP/1.1" 200 164
0:0:0:0:0:0:0:1 - - [07/Mar/2017:15:35:26 +0800] "GET /login HTTP/1.1" 200 492
0:0:0:0:0:0:0:1 - - [07/Mar/2017:15:42:51 +0800] "GET /login HTTP/1.1" 200 492
0:0:0:0:0:0:0:1 - - [07/Mar/2017:15:42:51 +0800] "GET /favicon.ico HTTP/1.1" 200 946
0:0:0:0:0:0:0:1 - - [07/Mar/2017:15:43:45 +0800] "GET /login HTTP/1.1" 200 544
0:0:0:0:0:0:0:1 - - [07/Mar/2017:15:43:45 +0800] "GET /favicon.ico HTTP/1.1" 200 946
0:0:0:0:0:0:0:1 - - [07/Mar/2017:15:45:35 +0800] "GET /login HTTP/1.1" 200 489
0:0:0:0:0:0:0:1 - - [07/Mar/2017:17:38:22 +0800] "GET /user/insert HTTP/1.1" 404 306
0:0:0:0:0:0:0:1 - - [07/Mar/2017:17:40:48 +0800] "GET /user/insert HTTP/1.1" 404 306
0:0:0:0:0:0:0:1 - - [07/Mar/2017:17:41:18 +0800] "GET /user/insert HTTP/1.1" 404 306
0:0:0:0:0:0:0:1 - - [07/Mar/2017:17:43:12 +0800] "GET /user/insert HTTP/1.1" 404 306
0:0:0:0:0:0:0:1 - - [07/Mar/2017:17:44:50 +0800] "GET /user/insert HTTP/1.1" 404 306
0:0:0:0:0:0:0:1 - - [07/Mar/2017:17:45:03 +0800] "GET / HTTP/1.1" 404 306
0:0:0:0:0:0:0:1 - - [07/Mar/2017:17:50:08 +0800] "GET / HTTP/1.1" 200 489
0:0:0:0:0:0:0:1 - - [07/Mar/2017:17:50:16 +0800] "GET /user/insert HTTP/1.1" 200 99
0:0:0:0:0:0:0:1 - - [07/Mar/2017:17:50:42 +0800] "GET /user/select HTTP/1.1" 500 1396
0:0:0:0:0:0:0:1 - - [07/Mar/2017:17:51:50 +0800] "GET /user/select HTTP/1.1" 200 92
0:0:0:0:0:0:0:1 - - [07/Mar/2017:17:51:56 +0800] "GET /user/update HTTP/1.1" 500 1272
0:0:0:0:0:0:0:1 - - [07/Mar/2017:18:14:01 +0800] "GET /user/select HTTP/1.1" 404 306
