0:0:0:0:0:0:0:1 - - [09/Mar/2017:12:09:41 +0800] "GET / HTTP/1.1" 200 538
0:0:0:0:0:0:0:1 - - [09/Mar/2017:12:09:55 +0800] "POST /login HTTP/1.1" 500 13432
0:0:0:0:0:0:0:1 - - [09/Mar/2017:12:14:33 +0800] "GET / HTTP/1.1" 200 538
0:0:0:0:0:0:0:1 - - [09/Mar/2017:12:17:21 +0800] "GET / HTTP/1.1" 200 537
0:0:0:0:0:0:0:1 - - [09/Mar/2017:12:17:55 +0800] "POST /login HTTP/1.1" 200 462
0:0:0:0:0:0:0:1 - - [09/Mar/2017:12:24:18 +0800] "GET / HTTP/1.1" 200 537
0:0:0:0:0:0:0:1 - - [09/Mar/2017:12:24:25 +0800] "POST /login HTTP/1.1" 200 462
0:0:0:0:0:0:0:1 - - [09/Mar/2017:14:18:51 +0800] "GET / HTTP/1.1" 200 537
0:0:0:0:0:0:0:1 - - [09/Mar/2017:14:19:08 +0800] "POST /login HTTP/1.1" 200 205
0:0:0:0:0:0:0:1 - - [09/Mar/2017:14:19:40 +0800] "GET /user/select HTTP/1.1" 200 179
0:0:0:0:0:0:0:1 - - [09/Mar/2017:14:19:48 +0800] "GET /team/select HTTP/1.1" 200 865
0:0:0:0:0:0:0:1 - - [09/Mar/2017:14:19:54 +0800] "GET /team/users HTTP/1.1" 200 12
0:0:0:0:0:0:0:1 - - [09/Mar/2017:14:27:55 +0800] "GET /team/users HTTP/1.1" 200 12
0:0:0:0:0:0:0:1 - - [09/Mar/2017:14:29:37 +0800] "GET /team/users HTTP/1.1" 200 12
0:0:0:0:0:0:0:1 - - [09/Mar/2017:14:32:19 +0800] "GET /team/users HTTP/1.1" 200 12
0:0:0:0:0:0:0:1 - - [09/Mar/2017:14:36:46 +0800] "GET /team/users HTTP/1.1" 200 1725
0:0:0:0:0:0:0:1 - - [09/Mar/2017:15:28:15 +0800] "GET / HTTP/1.1" 200 537
0:0:0:0:0:0:0:1 - - [09/Mar/2017:15:28:45 +0800] "GET /user/select HTTP/1.1" 200 179
0:0:0:0:0:0:0:1 - - [09/Mar/2017:15:31:30 +0800] "GET /team/users HTTP/1.1" 302 -
0:0:0:0:0:0:0:1 - - [09/Mar/2017:15:31:30 +0800] "GET /team/ HTTP/1.1" 302 -
0:0:0:0:0:0:0:1 - - [09/Mar/2017:15:31:30 +0800] "GET /team/ HTTP/1.1" 302 -
0:0:0:0:0:0:0:1 - - [09/Mar/2017:15:31:30 +0800] "GET /team/ HTTP/1.1" 302 -
0:0:0:0:0:0:0:1 - - [09/Mar/2017:15:31:30 +0800] "GET /team/ HTTP/1.1" 302 -
0:0:0:0:0:0:0:1 - - [09/Mar/2017:15:31:30 +0800] "GET /team/ HTTP/1.1" 302 -
0:0:0:0:0:0:0:1 - - [09/Mar/2017:15:31:30 +0800] "GET /team/ HTTP/1.1" 302 -
0:0:0:0:0:0:0:1 - - [09/Mar/2017:15:31:30 +0800] "GET /team/ HTTP/1.1" 302 -
0:0:0:0:0:0:0:1 - - [09/Mar/2017:15:31:30 +0800] "GET /team/ HTTP/1.1" 302 -
0:0:0:0:0:0:0:1 - - [09/Mar/2017:15:31:30 +0800] "GET /team/ HTTP/1.1" 302 -
0:0:0:0:0:0:0:1 - - [09/Mar/2017:15:31:30 +0800] "GET /team/ HTTP/1.1" 302 -
0:0:0:0:0:0:0:1 - - [09/Mar/2017:15:31:30 +0800] "GET /team/ HTTP/1.1" 302 -
0:0:0:0:0:0:0:1 - - [09/Mar/2017:15:31:30 +0800] "GET /team/ HTTP/1.1" 302 -
0:0:0:0:0:0:0:1 - - [09/Mar/2017:15:31:30 +0800] "GET /team/ HTTP/1.1" 302 -
0:0:0:0:0:0:0:1 - - [09/Mar/2017:15:31:30 +0800] "GET /team/ HTTP/1.1" 302 -
0:0:0:0:0:0:0:1 - - [09/Mar/2017:15:31:30 +0800] "GET /team/ HTTP/1.1" 302 -
0:0:0:0:0:0:0:1 - - [09/Mar/2017:15:31:30 +0800] "GET /team/ HTTP/1.1" 302 -
0:0:0:0:0:0:0:1 - - [09/Mar/2017:15:31:30 +0800] "GET /team/ HTTP/1.1" 302 -
0:0:0:0:0:0:0:1 - - [09/Mar/2017:15:31:30 +0800] "GET /team/ HTTP/1.1" 302 -
0:0:0:0:0:0:0:1 - - [09/Mar/2017:15:31:30 +0800] "GET /team/ HTTP/1.1" 302 -
0:0:0:0:0:0:0:1 - - [09/Mar/2017:15:31:30 +0800] "GET /team/ HTTP/1.1" 302 -
0:0:0:0:0:0:0:1 - - [09/Mar/2017:15:31:30 +0800] "GET /team/ HTTP/1.1" 302 -
0:0:0:0:0:0:0:1 - - [09/Mar/2017:15:31:30 +0800] "GET /team/ HTTP/1.1" 302 -
0:0:0:0:0:0:0:1 - - [09/Mar/2017:15:31:30 +0800] "GET /team/ HTTP/1.1" 302 -
0:0:0:0:0:0:0:1 - - [09/Mar/2017:15:31:31 +0800] "GET /team/ HTTP/1.1" 302 -
0:0:0:0:0:0:0:1 - - [09/Mar/2017:15:31:31 +0800] "GET /team/ HTTP/1.1" 302 -
0:0:0:0:0:0:0:1 - - [09/Mar/2017:15:31:31 +0800] "GET /team/ HTTP/1.1" 302 -
0:0:0:0:0:0:0:1 - - [09/Mar/2017:15:31:31 +0800] "GET /team/ HTTP/1.1" 302 -
0:0:0:0:0:0:0:1 - - [09/Mar/2017:15:31:31 +0800] "GET /team/ HTTP/1.1" 302 -
0:0:0:0:0:0:0:1 - - [09/Mar/2017:15:31:31 +0800] "GET /team/ HTTP/1.1" 302 -
0:0:0:0:0:0:0:1 - - [09/Mar/2017:15:31:31 +0800] "GET /team/ HTTP/1.1" 302 -
0:0:0:0:0:0:0:1 - - [09/Mar/2017:15:31:31 +0800] "GET /team/ HTTP/1.1" 302 -
0:0:0:0:0:0:0:1 - - [09/Mar/2017:15:31:31 +0800] "GET /team/ HTTP/1.1" 302 -
0:0:0:0:0:0:0:1 - - [09/Mar/2017:15:31:31 +0800] "GET /team/ HTTP/1.1" 302 -
0:0:0:0:0:0:0:1 - - [09/Mar/2017:15:31:31 +0800] "GET /team/ HTTP/1.1" 302 -
0:0:0:0:0:0:0:1 - - [09/Mar/2017:15:31:31 +0800] "GET /team/ HTTP/1.1" 302 -
0:0:0:0:0:0:0:1 - - [09/Mar/2017:15:31:31 +0800] "GET /team/ HTTP/1.1" 302 -
0:0:0:0:0:0:0:1 - - [09/Mar/2017:15:31:31 +0800] "GET /team/ HTTP/1.1" 302 -
0:0:0:0:0:0:0:1 - - [09/Mar/2017:15:31:31 +0800] "GET /team/ HTTP/1.1" 302 -
0:0:0:0:0:0:0:1 - - [09/Mar/2017:15:31:31 +0800] "GET /team/ HTTP/1.1" 302 -
0:0:0:0:0:0:0:1 - - [09/Mar/2017:15:31:31 +0800] "GET /team/ HTTP/1.1" 302 -
0:0:0:0:0:0:0:1 - - [09/Mar/2017:15:31:31 +0800] "GET /team/ HTTP/1.1" 302 -
0:0:0:0:0:0:0:1 - - [09/Mar/2017:15:31:36 +0800] "GET /team/ HTTP/1.1" 302 -
0:0:0:0:0:0:0:1 - - [09/Mar/2017:15:31:36 +0800] "GET /team/ HTTP/1.1" 302 -
0:0:0:0:0:0:0:1 - - [09/Mar/2017:15:31:36 +0800] "GET /team/ HTTP/1.1" 302 -
0:0:0:0:0:0:0:1 - - [09/Mar/2017:15:31:36 +0800] "GET /team/ HTTP/1.1" 302 -
0:0:0:0:0:0:0:1 - - [09/Mar/2017:15:31:36 +0800] "GET /team/ HTTP/1.1" 302 -
0:0:0:0:0:0:0:1 - - [09/Mar/2017:15:31:36 +0800] "GET /team/ HTTP/1.1" 302 -
0:0:0:0:0:0:0:1 - - [09/Mar/2017:15:31:36 +0800] "GET /team/ HTTP/1.1" 302 -
0:0:0:0:0:0:0:1 - - [09/Mar/2017:15:31:36 +0800] "GET /team/ HTTP/1.1" 302 -
0:0:0:0:0:0:0:1 - - [09/Mar/2017:15:31:36 +0800] "GET /team/ HTTP/1.1" 302 -
0:0:0:0:0:0:0:1 - - [09/Mar/2017:15:31:36 +0800] "GET /team/ HTTP/1.1" 302 -
0:0:0:0:0:0:0:1 - - [09/Mar/2017:15:31:36 +0800] "GET /team/ HTTP/1.1" 302 -
0:0:0:0:0:0:0:1 - - [09/Mar/2017:15:31:36 +0800] "GET /team/ HTTP/1.1" 302 -
0:0:0:0:0:0:0:1 - - [09/Mar/2017:15:31:36 +0800] "GET /team/ HTTP/1.1" 302 -
0:0:0:0:0:0:0:1 - - [09/Mar/2017:15:31:36 +0800] "GET /team/ HTTP/1.1" 302 -
0:0:0:0:0:0:0:1 - - [09/Mar/2017:15:31:36 +0800] "GET /team/ HTTP/1.1" 302 -
0:0:0:0:0:0:0:1 - - [09/Mar/2017:15:31:36 +0800] "GET /team/ HTTP/1.1" 302 -
0:0:0:0:0:0:0:1 - - [09/Mar/2017:15:31:36 +0800] "GET /team/ HTTP/1.1" 302 -
0:0:0:0:0:0:0:1 - - [09/Mar/2017:15:31:36 +0800] "GET /team/ HTTP/1.1" 302 -
0:0:0:0:0:0:0:1 - - [09/Mar/2017:15:31:36 +0800] "GET /team/ HTTP/1.1" 302 -
0:0:0:0:0:0:0:1 - - [09/Mar/2017:15:31:36 +0800] "GET /team/ HTTP/1.1" 302 -
0:0:0:0:0:0:0:1 - - [09/Mar/2017:15:31:36 +0800] "GET /team/ HTTP/1.1" 302 -
0:0:0:0:0:0:0:1 - - [09/Mar/2017:15:34:07 +0800] "GET /team/users HTTP/1.1" 302 -
0:0:0:0:0:0:0:1 - - [09/Mar/2017:15:34:08 +0800] "GET / HTTP/1.1" 200 537
0:0:0:0:0:0:0:1 - - [09/Mar/2017:15:34:25 +0800] "GET /user/select HTTP/1.1" 302 -
0:0:0:0:0:0:0:1 - - [09/Mar/2017:15:34:25 +0800] "GET / HTTP/1.1" 200 537
