0:0:0:0:0:0:0:1 - - [08/Mar/2017:09:51:30 +0800] "GET /user/select HTTP/1.1" 200 -
0:0:0:0:0:0:0:1 - - [08/Mar/2017:09:51:35 +0800] "GET /user/insert HTTP/1.1" 200 99
0:0:0:0:0:0:0:1 - - [08/Mar/2017:09:51:40 +0800] "GET /user/select HTTP/1.1" 200 92
0:0:0:0:0:0:0:1 - - [08/Mar/2017:09:55:59 +0800] "GET /user/select HTTP/1.1" 200 92
0:0:0:0:0:0:0:1 - - [08/Mar/2017:09:56:15 +0800] "GET /user/update HTTP/1.1" 200 96
0:0:0:0:0:0:0:1 - - [08/Mar/2017:09:56:28 +0800] "GET /user/select HTTP/1.1" 200 89
0:0:0:0:0:0:0:1 - - [08/Mar/2017:10:03:51 +0800] "GET /user/select HTTP/1.1" 200 96
0:0:0:0:0:0:0:1 - - [08/Mar/2017:11:13:58 +0800] "GET / HTTP/1.1" 200 489
0:0:0:0:0:0:0:1 - - [08/Mar/2017:11:14:05 +0800] "GET /login HTTP/1.1" 200 489
0:0:0:0:0:0:0:1 - - [08/Mar/2017:11:14:15 +0800] "GET /user/select HTTP/1.1" 302 -
0:0:0:0:0:0:0:1 - - [08/Mar/2017:11:14:15 +0800] "GET /login HTTP/1.1" 200 489
0:0:0:0:0:0:0:1 - - [08/Mar/2017:11:14:29 +0800] "GET /login?staffNo=80575129&password=MMMar1989 HTTP/1.1" 302 -
0:0:0:0:0:0:0:1 - - [08/Mar/2017:11:14:29 +0800] "GET /login HTTP/1.1" 200 489
0:0:0:0:0:0:0:1 - - [08/Mar/2017:11:15:58 +0800] "GET / HTTP/1.1" 200 507
0:0:0:0:0:0:0:1 - - [08/Mar/2017:11:16:17 +0800] "GET /?staffNo=80575129&password=MMMar1989 HTTP/1.1" 200 507
0:0:0:0:0:0:0:1 - - [08/Mar/2017:11:17:02 +0800] "GET /?staffNo=80575129&password=MMMar1989 HTTP/1.1" 200 521
0:0:0:0:0:0:0:1 - - [08/Mar/2017:11:17:02 +0800] "GET /favicon.ico HTTP/1.1" 200 946
0:0:0:0:0:0:0:1 - - [08/Mar/2017:11:17:41 +0800] "GET / HTTP/1.1" 200 536
0:0:0:0:0:0:0:1 - - [08/Mar/2017:11:17:51 +0800] "POST /login HTTP/1.1" 403 362
0:0:0:0:0:0:0:1 - - [08/Mar/2017:11:18:40 +0800] "GET /login HTTP/1.1" 200 205
0:0:0:0:0:0:0:1 - - [08/Mar/2017:11:19:00 +0800] "GET / HTTP/1.1" 200 536
0:0:0:0:0:0:0:1 - - [08/Mar/2017:11:19:10 +0800] "POST /login HTTP/1.1" 403 404
0:0:0:0:0:0:0:1 - - [08/Mar/2017:11:19:13 +0800] "GET /login HTTP/1.1" 200 205
0:0:0:0:0:0:0:1 - - [08/Mar/2017:11:20:41 +0800] "GET /login HTTP/1.1" 200 205
0:0:0:0:0:0:0:1 - - [08/Mar/2017:11:21:17 +0800] "GET /user/select HTTP/1.1" 302 -
0:0:0:0:0:0:0:1 - - [08/Mar/2017:11:21:17 +0800] "GET /login HTTP/1.1" 200 205
0:0:0:0:0:0:0:1 - - [08/Mar/2017:11:22:25 +0800] "GET / HTTP/1.1" 200 536
0:0:0:0:0:0:0:1 - - [08/Mar/2017:11:22:35 +0800] "POST /login HTTP/1.1" 403 362
0:0:0:0:0:0:0:1 - - [08/Mar/2017:11:22:44 +0800] "GET /login HTTP/1.1" 302 -
0:0:0:0:0:0:0:1 - - [08/Mar/2017:11:22:44 +0800] "GET / HTTP/1.1" 200 536
0:0:0:0:0:0:0:1 - - [08/Mar/2017:11:36:43 +0800] "GET / HTTP/1.1" 302 -
0:0:0:0:0:0:0:1 - - [08/Mar/2017:11:36:43 +0800] "GET /login HTTP/1.1" 200 535
0:0:0:0:0:0:0:1 - - [08/Mar/2017:11:37:30 +0800] "POST /login HTTP/1.1" 302 -
0:0:0:0:0:0:0:1 - - [08/Mar/2017:11:37:30 +0800] "GET /login?error HTTP/1.1" 200 977
0:0:0:0:0:0:0:1 - - [08/Mar/2017:11:41:01 +0800] "GET / HTTP/1.1" 200 538
0:0:0:0:0:0:0:1 - - [08/Mar/2017:11:41:11 +0800] "POST /login HTTP/1.1" 403 362
0:0:0:0:0:0:0:1 - - [08/Mar/2017:11:41:16 +0800] "GET /login HTTP/1.1" 302 -
0:0:0:0:0:0:0:1 - - [08/Mar/2017:11:41:16 +0800] "GET / HTTP/1.1" 200 538
0:0:0:0:0:0:0:1 - - [08/Mar/2017:11:41:38 +0800] "POST /login HTTP/1.1" 403 404
0:0:0:0:0:0:0:1 - - [08/Mar/2017:11:41:40 +0800] "GET / HTTP/1.1" 200 538
0:0:0:0:0:0:0:1 - - [08/Mar/2017:11:43:31 +0800] "GET / HTTP/1.1" 302 -
0:0:0:0:0:0:0:1 - - [08/Mar/2017:11:43:31 +0800] "GET /login HTTP/1.1" 200 535
0:0:0:0:0:0:0:1 - - [08/Mar/2017:11:43:39 +0800] "POST /login HTTP/1.1" 302 -
0:0:0:0:0:0:0:1 - - [08/Mar/2017:11:43:39 +0800] "GET /login?error HTTP/1.1" 200 977
0:0:0:0:0:0:0:1 - - [08/Mar/2017:11:46:51 +0800] "GET / HTTP/1.1" 302 -
0:0:0:0:0:0:0:1 - - [08/Mar/2017:11:46:51 +0800] "GET /login HTTP/1.1" 200 535
0:0:0:0:0:0:0:1 - - [08/Mar/2017:11:47:06 +0800] "POST /login HTTP/1.1" 302 -
0:0:0:0:0:0:0:1 - - [08/Mar/2017:11:47:06 +0800] "GET /login?error HTTP/1.1" 200 968
0:0:0:0:0:0:0:1 - - [08/Mar/2017:11:49:39 +0800] "GET / HTTP/1.1" 401 344
0:0:0:0:0:0:0:1 - - [08/Mar/2017:14:49:27 +0800] "GET /user/select HTTP/1.1" 200 -
0:0:0:0:0:0:0:1 - - [08/Mar/2017:15:00:41 +0800] "GET /user/select HTTP/1.1" 200 -
0:0:0:0:0:0:0:1 - - [08/Mar/2017:15:13:11 +0800] "GET /user/select HTTP/1.1" 200 -
0:0:0:0:0:0:0:1 - - [08/Mar/2017:15:19:44 +0800] "GET /user/select HTTP/1.1" 200 -
0:0:0:0:0:0:0:1 - - [08/Mar/2017:15:20:53 +0800] "GET /user/select HTTP/1.1" 200 -
0:0:0:0:0:0:0:1 - - [08/Mar/2017:15:24:39 +0800] "GET /user/select HTTP/1.1" 200 -
0:0:0:0:0:0:0:1 - - [08/Mar/2017:15:28:53 +0800] "GET /user/select HTTP/1.1" 200 -
0:0:0:0:0:0:0:1 - - [08/Mar/2017:15:40:14 +0800] "GET /user/select HTTP/1.1" 200 -
0:0:0:0:0:0:0:1 - - [08/Mar/2017:15:50:48 +0800] "GET /user/select HTTP/1.1" 200 -
0:0:0:0:0:0:0:1 - - [08/Mar/2017:15:55:59 +0800] "GET /user/select HTTP/1.1" 200 -
0:0:0:0:0:0:0:1 - - [08/Mar/2017:15:57:26 +0800] "GET /user/select HTTP/1.1" 200 -
0:0:0:0:0:0:0:1 - - [08/Mar/2017:16:01:35 +0800] "GET /user/select HTTP/1.1" 200 -
0:0:0:0:0:0:0:1 - - [08/Mar/2017:16:02:03 +0800] "GET /user/select HTTP/1.1" 200 -
0:0:0:0:0:0:0:1 - - [08/Mar/2017:16:04:53 +0800] "GET /user/select HTTP/1.1" 500 962
0:0:0:0:0:0:0:1 - - [08/Mar/2017:16:06:09 +0800] "GET /user/select HTTP/1.1" 500 962
0:0:0:0:0:0:0:1 - - [08/Mar/2017:16:37:26 +0800] "GET /user/select HTTP/1.1" 200 -
0:0:0:0:0:0:0:1 - - [08/Mar/2017:17:16:05 +0800] "GET /team/select HTTP/1.1" 200 728
0:0:0:0:0:0:0:1 - - [08/Mar/2017:17:18:29 +0800] "GET /team/select HTTP/1.1" 200 728
0:0:0:0:0:0:0:1 - - [08/Mar/2017:17:18:34 +0800] "GET /team/select HTTP/1.1" 200 728
0:0:0:0:0:0:0:1 - - [08/Mar/2017:17:26:50 +0800] "GET /team/select HTTP/1.1" 200 728
0:0:0:0:0:0:0:1 - - [08/Mar/2017:17:28:45 +0800] "GET /team/select HTTP/1.1" 200 685
0:0:0:0:0:0:0:1 - - [08/Mar/2017:17:29:06 +0800] "GET /team/select HTTP/1.1" 200 685
0:0:0:0:0:0:0:1 - - [08/Mar/2017:17:29:22 +0800] "GET /team/select HTTP/1.1" 200 685
0:0:0:0:0:0:0:1 - - [08/Mar/2017:18:21:45 +0800] "GET /team/select HTTP/1.1" 200 12
0:0:0:0:0:0:0:1 - - [08/Mar/2017:18:22:19 +0800] "GET /team/select HTTP/1.1" 200 12
0:0:0:0:0:0:0:1 - - [08/Mar/2017:18:22:21 +0800] "GET /team/select HTTP/1.1" 200 12
0:0:0:0:0:0:0:1 - - [08/Mar/2017:18:23:25 +0800] "GET /team/select HTTP/1.1" 200 12
0:0:0:0:0:0:0:1 - - [08/Mar/2017:18:24:25 +0800] "GET /team/select HTTP/1.1" 200 12
0:0:0:0:0:0:0:1 - - [08/Mar/2017:18:25:30 +0800] "GET /team/select HTTP/1.1" 200 865
0:0:0:0:0:0:0:1 - - [08/Mar/2017:18:25:39 +0800] "GET /team/users HTTP/1.1" 200 12
